INFO 2025-07-16 16:17:45,586 autoreload 73144 8797069056 Watching for file changes with StatReloader
WARNING 2025-07-16 16:31:15,650 log 73144 6127513600 Bad Request: /api/auth/login/
WARNING 2025-07-16 16:31:15,651 basehttp 73144 6127513600 "POST /api/auth/login/ HTTP/1.1" 400 37
INFO 2025-07-16 16:31:39,631 basehttp 73144 6144339968 "OPTIONS /api/weather/current/?lat=40.7128&lng=-74.006 HTTP/1.1" 200 0
WARNING 2025-07-16 16:31:39,645 log 73144 6144339968 Unauthorized: /api/weather/current/
WARNING 2025-07-16 16:31:39,645 basehttp 73144 6144339968 "GET /api/weather/current/?lat=40.7128&lng=-74.006 HTTP/1.1" 401 58
INFO 2025-07-16 16:31:52,301 basehttp 73144 6127513600 "POST /api/auth/login/ HTTP/1.1" 200 870
WARNING 2025-07-16 16:32:33,566 log 73144 6127513600 Unauthorized: /api/places/search/
WARNING 2025-07-16 16:32:33,566 basehttp 73144 6127513600 "GET /api/places/search/?q=restaurants%20in%20san%20francisco HTTP/1.1" 401 172
WARNING 2025-07-16 16:32:46,682 log 73144 6144339968 Unauthorized: /api/weather/current/
WARNING 2025-07-16 16:32:46,683 basehttp 73144 6144339968 "GET /api/weather/current/?lat=40.7128&lng=-74.006 HTTP/1.1" 401 58
INFO 2025-07-16 16:32:46,701 basehttp 73144 6161166336 "OPTIONS /api/recommendations/?lat=40.7128&lng=-74.006 HTTP/1.1" 200 0
WARNING 2025-07-16 16:32:46,717 log 73144 6161166336 Unauthorized: /api/recommendations/
WARNING 2025-07-16 16:32:46,724 basehttp 73144 6161166336 "GET /api/recommendations/?lat=40.7128&lng=-74.006 HTTP/1.1" 401 58
INFO 2025-07-16 16:33:32,751 basehttp 73144 6144339968 "GET /admin/ HTTP/1.1" 302 0
INFO 2025-07-16 16:33:58,040 basehttp 73144 6144339968 "GET /admin/ HTTP/1.1" 302 0
INFO 2025-07-16 16:33:58,072 basehttp 73144 6144339968 "GET /admin/login/?next=/admin/ HTTP/1.1" 200 4170
INFO 2025-07-16 16:33:58,144 basehttp 73144 6161166336 "GET /static/admin/css/dark_mode.css HTTP/1.1" 200 2808
INFO 2025-07-16 16:33:58,145 basehttp 73144 6194819072 "GET /static/admin/css/login.css HTTP/1.1" 200 951
INFO 2025-07-16 16:33:58,145 basehttp 73144 6228471808 "GET /static/admin/js/theme.js HTTP/1.1" 200 1653
INFO 2025-07-16 16:33:58,147 basehttp 73144 6177992704 "GET /static/admin/css/nav_sidebar.css HTTP/1.1" 200 2810
INFO 2025-07-16 16:33:58,147 basehttp 73144 6144339968 "GET /static/admin/css/base.css HTTP/1.1" 200 22120
INFO 2025-07-16 16:33:58,148 basehttp 73144 6211645440 "GET /static/admin/css/responsive.css HTTP/1.1" 200 16565
INFO 2025-07-16 16:33:58,151 basehttp 73144 6211645440 "GET /static/admin/js/nav_sidebar.js HTTP/1.1" 200 3063
WARNING 2025-07-16 16:33:58,247 log 73144 6211645440 Not Found: /favicon.ico
WARNING 2025-07-16 16:33:58,248 basehttp 73144 6211645440 "GET /favicon.ico HTTP/1.1" 404 3139
INFO 2025-07-16 16:34:19,084 basehttp 73144 6144339968 "POST /admin/login/?next=/admin/ HTTP/1.1" 302 0
INFO 2025-07-16 16:34:19,112 basehttp 73144 6144339968 "GET /admin/ HTTP/1.1" 200 8849
INFO 2025-07-16 16:34:19,134 basehttp 73144 6144339968 "GET /static/admin/css/dashboard.css HTTP/1.1" 200 441
INFO 2025-07-16 16:34:19,148 basehttp 73144 6161166336 "GET /static/admin/img/icon-changelink.svg HTTP/1.1" 200 380
INFO 2025-07-16 16:34:19,148 basehttp 73144 6144339968 "GET /static/admin/img/icon-addlink.svg HTTP/1.1" 200 331
INFO 2025-07-16 16:34:40,777 basehttp 73144 6144339968 "GET /admin/authentication/user/add/ HTTP/1.1" 200 14878
INFO 2025-07-16 16:34:40,823 basehttp 73144 6144339968 "GET /static/admin/css/forms.css HTTP/1.1" 200 8525
INFO 2025-07-16 16:34:40,824 basehttp 73144 6194819072 "GET /static/admin/js/jquery.init.js HTTP/1.1" 200 347
INFO 2025-07-16 16:34:40,833 basehttp 73144 6211645440 "GET /static/admin/js/core.js HTTP/1.1" 200 6208
INFO 2025-07-16 16:34:40,834 basehttp 73144 6228471808 "GET /static/admin/js/admin/RelatedObjectLookups.js HTTP/1.1" 200 9777
INFO 2025-07-16 16:34:40,836 basehttp 73144 6144339968 "GET /static/admin/css/unusable_password_field.css HTTP/1.1" 200 663
INFO 2025-07-16 16:34:40,836 basehttp 73144 6211645440 "GET /static/admin/css/widgets.css HTTP/1.1" 200 11991
INFO 2025-07-16 16:34:40,836 basehttp 73144 6194819072 "GET /static/admin/js/actions.js HTTP/1.1" 200 8076
INFO 2025-07-16 16:34:40,839 basehttp 73144 6228471808 "GET /static/admin/js/urlify.js HTTP/1.1" 200 7887
INFO 2025-07-16 16:34:40,842 basehttp 73144 6194819072 "GET /static/admin/js/prepopulate_init.js HTTP/1.1" 200 586
INFO 2025-07-16 16:34:40,843 basehttp 73144 6144339968 "GET /static/admin/js/prepopulate.js HTTP/1.1" 200 1531
INFO 2025-07-16 16:34:40,844 basehttp 73144 6161166336 "GET /admin/jsi18n/ HTTP/1.1" 200 3342
INFO 2025-07-16 16:34:40,845 basehttp 73144 6177992704 "GET /static/admin/js/vendor/jquery/jquery.js HTTP/1.1" 200 285314
INFO 2025-07-16 16:34:40,847 basehttp 73144 6211645440 "GET /static/admin/js/vendor/xregexp/xregexp.js HTTP/1.1" 200 325171
INFO 2025-07-16 16:34:40,850 basehttp 73144 6211645440 "GET /static/admin/js/change_form.js HTTP/1.1" 200 606
INFO 2025-07-16 16:34:40,855 basehttp 73144 6211645440 "GET /static/admin/js/unusable_password_field.js HTTP/1.1" 200 1480
INFO 2025-07-16 16:35:40,260 basehttp 73144 6144339968 "POST /admin/authentication/user/add/ HTTP/1.1" 200 15177
INFO 2025-07-16 16:35:40,310 basehttp 73144 6144339968 "GET /admin/jsi18n/ HTTP/1.1" 200 3342
INFO 2025-07-16 16:36:05,246 basehttp 73144 6144339968 "POST /admin/authentication/user/add/ HTTP/1.1" 302 0
INFO 2025-07-16 16:36:05,304 basehttp 73144 6144339968 "GET /admin/authentication/user/2/change/ HTTP/1.1" 200 30615
INFO 2025-07-16 16:36:05,371 basehttp 73144 6161166336 "GET /static/admin/js/calendar.js HTTP/1.1" 200 9141
INFO 2025-07-16 16:36:05,373 basehttp 73144 6211645440 "GET /static/admin/js/SelectFilter2.js HTTP/1.1" 200 15845
INFO 2025-07-16 16:36:05,373 basehttp 73144 6194819072 "GET /static/admin/js/SelectBox.js HTTP/1.1" 200 4530
INFO 2025-07-16 16:36:05,373 basehttp 73144 6177992704 "GET /static/admin/js/admin/DateTimeShortcuts.js HTTP/1.1" 200 19319
INFO 2025-07-16 16:36:05,379 basehttp 73144 6144339968 "GET /admin/jsi18n/ HTTP/1.1" 200 3342
INFO 2025-07-16 16:36:05,405 basehttp 73144 6144339968 "GET /static/admin/img/icon-yes.svg HTTP/1.1" 200 436
INFO 2025-07-16 16:36:05,449 basehttp 73144 6144339968 "GET /static/admin/img/search.svg HTTP/1.1" 200 458
INFO 2025-07-16 16:36:05,468 basehttp 73144 6177992704 "GET /static/admin/img/selector-icons.svg HTTP/1.1" 200 3291
INFO 2025-07-16 16:36:05,486 basehttp 73144 6211645440 "GET /static/admin/img/icon-calendar.svg HTTP/1.1" 200 1086
INFO 2025-07-16 16:36:05,487 basehttp 73144 6194819072 "GET /static/admin/img/icon-clock.svg HTTP/1.1" 200 677
INFO 2025-07-16 16:36:33,367 basehttp 73144 6144339968 "GET /admin/trips/trip/add/ HTTP/1.1" 200 31079
INFO 2025-07-16 16:36:33,418 basehttp 73144 6161166336 "GET /static/admin/js/inlines.js HTTP/1.1" 200 15628
INFO 2025-07-16 16:36:33,418 basehttp 73144 6144339968 "GET /admin/jsi18n/ HTTP/1.1" 200 3342
INFO 2025-07-16 16:36:33,428 basehttp 73144 6161166336 "GET /static/admin/img/icon-viewlink.svg HTTP/1.1" 200 581
INFO 2025-07-16 16:36:33,429 basehttp 73144 6144339968 "GET /static/admin/img/icon-unknown.svg HTTP/1.1" 200 655
INFO 2025-07-16 16:37:18,661 basehttp 73144 6144339968 "POST /admin/trips/trip/add/ HTTP/1.1" 200 31418
INFO 2025-07-16 16:37:18,692 basehttp 73144 6144339968 "GET /admin/jsi18n/ HTTP/1.1" 200 3342
INFO 2025-07-16 16:37:25,579 basehttp 73144 6144339968 "POST /admin/trips/trip/add/ HTTP/1.1" 302 0
INFO 2025-07-16 16:37:25,618 basehttp 73144 6144339968 "GET /admin/trips/trip/ HTTP/1.1" 200 15438
INFO 2025-07-16 16:37:25,669 basehttp 73144 6144339968 "GET /static/admin/css/changelists.css HTTP/1.1" 200 6878
INFO 2025-07-16 16:37:25,674 basehttp 73144 6144339968 "GET /static/admin/js/filters.js HTTP/1.1" 200 978
INFO 2025-07-16 16:37:25,674 basehttp 73144 6161166336 "GET /admin/jsi18n/ HTTP/1.1" 200 3342
INFO 2025-07-16 16:37:25,690 basehttp 73144 6144339968 "GET /static/admin/img/tooltag-add.svg HTTP/1.1" 200 331
WARNING 2025-07-16 16:37:42,057 log 73144 6144339968 Unauthorized: /api/trips/
WARNING 2025-07-16 16:37:42,057 basehttp 73144 6144339968 "GET /api/trips/ HTTP/1.1" 401 172
INFO 2025-07-16 16:38:19,621 basehttp 73144 6144339968 "POST /api/auth/login/ HTTP/1.1" 200 854
INFO 2025-07-16 16:38:59,249 basehttp 73144 6144339968 "GET /api/trips/ HTTP/1.1" 200 447
INFO 2025-07-16 16:48:11,317 basehttp 73144 6161166336 "POST /api/auth/login/ HTTP/1.1" 200 854
INFO 2025-07-16 16:51:42,406 basehttp 73144 6177992704 "POST /api/auth/login/ HTTP/1.1" 200 854
WARNING 2025-07-16 16:52:09,214 log 73144 6177992704 Unauthorized: /api/trips/
WARNING 2025-07-16 16:52:09,214 basehttp 73144 6177992704 "GET /api/trips/ HTTP/1.1" 401 172
WARNING 2025-07-16 16:55:49,225 log 73144 6194819072 Bad Request: /api/auth/login/
WARNING 2025-07-16 16:55:49,226 basehttp 73144 6194819072 "POST /api/auth/login/ HTTP/1.1" 400 37
INFO 2025-07-16 16:56:11,053 basehttp 73144 6194819072 "POST /api/auth/login/ HTTP/1.1" 200 854
WARNING 2025-07-16 16:56:25,797 log 73144 6194819072 Unauthorized: /api/trips/
WARNING 2025-07-16 16:56:25,799 basehttp 73144 6194819072 "GET /api/trips/ HTTP/1.1" 401 172
WARNING 2025-07-16 16:56:39,492 log 73144 6194819072 Unauthorized: /api/auth/me/
WARNING 2025-07-16 16:56:39,493 basehttp 73144 6194819072 "GET /api/auth/me/ HTTP/1.1" 401 172
WARNING 2025-07-16 17:02:38,466 log 73144 6211645440 Bad Request: /api/auth/login/
WARNING 2025-07-16 17:02:38,467 basehttp 73144 6211645440 "POST /api/auth/login/ HTTP/1.1" 400 42
INFO 2025-07-16 17:02:51,133 basehttp 73144 6211645440 "POST /api/auth/login/ HTTP/1.1" 200 854
WARNING 2025-07-16 17:03:00,011 log 73144 6211645440 Unauthorized: /api/trips/
WARNING 2025-07-16 17:03:00,012 basehttp 73144 6211645440 "GET /api/trips/ HTTP/1.1" 401 172
INFO 2025-07-16 17:04:09,028 basehttp 73144 6228471808 "GET /api/trips/ HTTP/1.1" 200 447
INFO 2025-07-16 17:04:25,928 basehttp 73144 6228471808 "GET /api/trips/1/ HTTP/1.1" 200 466
ERROR 2025-07-16 17:06:50,260 log 73144 6245298176 Internal Server Error: /api/places/search/
ERROR 2025-07-16 17:06:50,261 basehttp 73144 6245298176 "GET /api/places/search/?q=restaurants%20in%20san%20francisco HTTP/1.1" 500 70
INFO 2025-07-16 17:07:21,464 basehttp 73144 6245298176 "GET /api/weather/current/?lat=37.7749&lng=-122.4194 HTTP/1.1" 200 186
INFO 2025-07-16 17:07:30,721 basehttp 73144 6245298176 "GET /api/weather/forecast/?stops=[{%22latitude%22:%2037.7749,%20%22longitude%22:%20-122.4194},%20{%22latitude%22:%2037.8199,%20%22longitude%22:%20-122.4783}] HTTP/1.1" 200 16
ERROR 2025-07-16 17:07:39,199 log 73144 6245298176 Internal Server Error: /api/recommendations/
ERROR 2025-07-16 17:07:39,199 basehttp 73144 6245298176 "GET /api/recommendations/?lat=37.7749&lng=-122.4194 HTTP/1.1" 500 70
INFO 2025-07-16 17:11:15,200 autoreload 73144 8797069056 /Users/braddr/Documents/Code/Personal Projects/roadTrip_planner/backend/apps/places/views.py changed, reloading.
INFO 2025-07-16 17:11:16,518 autoreload 84376 8797069056 Watching for file changes with StatReloader
INFO 2025-07-16 17:12:55,411 autoreload 84376 8797069056 /Users/braddr/Documents/Code/Personal Projects/roadTrip_planner/backend/apps/places/views.py changed, reloading.
INFO 2025-07-16 17:12:57,007 autoreload 84782 8797069056 Watching for file changes with StatReloader
INFO 2025-07-16 17:14:28,239 autoreload 84782 8797069056 /Users/braddr/Documents/Code/Personal Projects/roadTrip_planner/backend/apps/places/views.py changed, reloading.
INFO 2025-07-16 17:14:29,526 autoreload 85009 8797069056 Watching for file changes with StatReloader
INFO 2025-07-16 17:15:55,159 autoreload 85009 8797069056 /Users/braddr/Documents/Code/Personal Projects/roadTrip_planner/backend/apps/places/views.py changed, reloading.
INFO 2025-07-16 17:15:56,163 autoreload 85300 8797069056 Watching for file changes with StatReloader
INFO 2025-07-16 17:17:12,997 autoreload 85300 8797069056 /Users/braddr/Documents/Code/Personal Projects/roadTrip_planner/backend/apps/recommendations/views.py changed, reloading.
INFO 2025-07-16 17:17:14,495 autoreload 85484 8797069056 Watching for file changes with StatReloader
WARNING 2025-07-16 17:31:56,628 views 85484 6132133888 Google Places API failed: Error 61 connecting to 127.0.0.1:6379. Connection refused.
INFO 2025-07-16 17:31:56,630 basehttp 85484 6132133888 "GET /api/places/search/?q=restaurants%20in%20san%20francisco HTTP/1.1" 200 950
INFO 2025-07-16 17:46:06,579 autoreload 92226 8797069056 Watching for file changes with StatReloader
WARNING 2025-07-16 17:46:06,768 google_places 92226 8797069056 Google Maps API key not configured
WARNING 2025-07-16 18:00:20,939 log 92226 6197964800 Unauthorized: /api/weather/current/
WARNING 2025-07-16 18:00:20,940 log 92226 6214791168 Unauthorized: /api/recommendations/
WARNING 2025-07-16 18:00:20,942 basehttp 92226 6197964800 "GET /api/weather/current/?lat=40.7128&lng=-74.006 HTTP/1.1" 401 58
WARNING 2025-07-16 18:00:20,943 basehttp 92226 6214791168 "GET /api/recommendations/?lat=40.7128&lng=-74.006 HTTP/1.1" 401 58
WARNING 2025-07-16 18:01:22,038 log 92226 6197964800 Unauthorized: /api/weather/current/
WARNING 2025-07-16 18:01:22,040 log 92226 6214791168 Unauthorized: /api/recommendations/
WARNING 2025-07-16 18:01:22,041 basehttp 92226 6197964800 "GET /api/weather/current/?lat=40.7128&lng=-74.006 HTTP/1.1" 401 58
WARNING 2025-07-16 18:01:22,042 basehttp 92226 6214791168 "GET /api/recommendations/?lat=40.7128&lng=-74.006 HTTP/1.1" 401 58
WARNING 2025-07-16 18:01:22,043 log 92226 6197964800 Unauthorized: /api/weather/current/
WARNING 2025-07-16 18:01:22,046 log 92226 6231617536 Unauthorized: /api/recommendations/
WARNING 2025-07-16 18:01:22,047 basehttp 92226 6231617536 "GET /api/recommendations/?lat=40.7128&lng=-74.006 HTTP/1.1" 401 58
WARNING 2025-07-16 18:01:22,050 basehttp 92226 6197964800 "GET /api/weather/current/?lat=40.7128&lng=-74.006 HTTP/1.1" 401 58
WARNING 2025-07-16 18:01:55,628 log 92226 6197964800 Unauthorized: /api/weather/current/
WARNING 2025-07-16 18:01:55,630 log 92226 6214791168 Unauthorized: /api/recommendations/
WARNING 2025-07-16 18:01:55,631 basehttp 92226 6197964800 "GET /api/weather/current/?lat=40.7128&lng=-74.006 HTTP/1.1" 401 58
WARNING 2025-07-16 18:01:55,632 basehttp 92226 6214791168 "GET /api/recommendations/?lat=40.7128&lng=-74.006 HTTP/1.1" 401 58
WARNING 2025-07-16 18:01:55,636 log 92226 6231617536 Unauthorized: /api/recommendations/
WARNING 2025-07-16 18:01:55,640 log 92226 6197964800 Unauthorized: /api/weather/current/
WARNING 2025-07-16 18:01:55,642 basehttp 92226 6231617536 "GET /api/recommendations/?lat=40.7128&lng=-74.006 HTTP/1.1" 401 58
WARNING 2025-07-16 18:01:55,643 basehttp 92226 6197964800 "GET /api/weather/current/?lat=40.7128&lng=-74.006 HTTP/1.1" 401 58
WARNING 2025-07-16 18:02:13,657 log 92226 6197964800 Unauthorized: /api/weather/current/
WARNING 2025-07-16 18:02:13,658 log 92226 6214791168 Unauthorized: /api/recommendations/
WARNING 2025-07-16 18:02:13,664 basehttp 92226 6214791168 "GET /api/recommendations/?lat=40.7128&lng=-74.006 HTTP/1.1" 401 58
WARNING 2025-07-16 18:02:13,663 basehttp 92226 6197964800 "GET /api/weather/current/?lat=40.7128&lng=-74.006 HTTP/1.1" 401 58
WARNING 2025-07-16 18:02:13,668 log 92226 6197964800 Unauthorized: /api/recommendations/
WARNING 2025-07-16 18:02:13,664 log 92226 6231617536 Unauthorized: /api/weather/current/
WARNING 2025-07-16 18:02:13,672 basehttp 92226 6197964800 "GET /api/recommendations/?lat=40.7128&lng=-74.006 HTTP/1.1" 401 58
WARNING 2025-07-16 18:02:13,673 basehttp 92226 6231617536 "GET /api/weather/current/?lat=40.7128&lng=-74.006 HTTP/1.1" 401 58
WARNING 2025-07-16 18:02:50,283 log 92226 6197964800 Unauthorized: /api/weather/current/
WARNING 2025-07-16 18:02:50,285 log 92226 6214791168 Unauthorized: /api/recommendations/
WARNING 2025-07-16 18:02:50,285 basehttp 92226 6197964800 "GET /api/weather/current/?lat=40.7128&lng=-74.006 HTTP/1.1" 401 58
WARNING 2025-07-16 18:02:50,290 log 92226 6197964800 Unauthorized: /api/weather/current/
WARNING 2025-07-16 18:02:50,291 log 92226 6231617536 Unauthorized: /api/recommendations/
WARNING 2025-07-16 18:02:50,291 basehttp 92226 6214791168 "GET /api/recommendations/?lat=40.7128&lng=-74.006 HTTP/1.1" 401 58
WARNING 2025-07-16 18:02:50,293 basehttp 92226 6197964800 "GET /api/weather/current/?lat=40.7128&lng=-74.006 HTTP/1.1" 401 58
WARNING 2025-07-16 18:02:50,292 basehttp 92226 6231617536 "GET /api/recommendations/?lat=40.7128&lng=-74.006 HTTP/1.1" 401 58
INFO 2025-07-16 18:04:28,515 basehttp 92226 6197964800 "OPTIONS /api/auth/login/ HTTP/1.1" 200 0
INFO 2025-07-16 18:04:29,018 basehttp 92226 6197964800 "POST /api/auth/login/ HTTP/1.1" 200 854
INFO 2025-07-16 18:04:29,088 basehttp 92226 6197964800 "GET /api/weather/current/?lat=40.7128&lng=-74.006 HTTP/1.1" 200 191
ERROR 2025-07-16 18:04:29,089 google_places 92226 6214791168 Google Places API key not configured
ERROR 2025-07-16 18:04:29,089 google_places 92226 6214791168 Google Places API key not configured
ERROR 2025-07-16 18:04:29,090 google_places 92226 6214791168 Google Places API key not configured
INFO 2025-07-16 18:04:29,095 basehttp 92226 6214791168 "GET /api/recommendations/?lat=40.7128&lng=-74.006 HTTP/1.1" 200 55
INFO 2025-07-16 18:04:29,105 basehttp 92226 6197964800 "GET /api/weather/current/?lat=40.7128&lng=-74.006 HTTP/1.1" 200 184
ERROR 2025-07-16 18:04:29,108 google_places 92226 6231617536 Google Places API key not configured
ERROR 2025-07-16 18:04:29,108 google_places 92226 6231617536 Google Places API key not configured
ERROR 2025-07-16 18:04:29,108 google_places 92226 6231617536 Google Places API key not configured
INFO 2025-07-16 18:04:29,109 basehttp 92226 6231617536 "GET /api/recommendations/?lat=40.7128&lng=-74.006 HTTP/1.1" 200 55
INFO 2025-07-16 18:04:46,368 basehttp 92226 6197964800 "OPTIONS /api/places/search/?q=Nairobi HTTP/1.1" 200 0
ERROR 2025-07-16 18:04:46,373 google_places 92226 6197964800 Google Places API key not configured
INFO 2025-07-16 18:04:46,375 basehttp 92226 6197964800 "GET /api/places/search/?q=Nairobi HTTP/1.1" 200 825
ERROR 2025-07-16 18:06:18,962 google_places 92226 6214791168 Google Places API key not configured
ERROR 2025-07-16 18:06:18,963 google_places 92226 6214791168 Google Places API key not configured
ERROR 2025-07-16 18:06:18,963 google_places 92226 6214791168 Google Places API key not configured
INFO 2025-07-16 18:06:18,965 basehttp 92226 6214791168 "GET /api/recommendations/?lat=40.7128&lng=-74.006 HTTP/1.1" 200 55
INFO 2025-07-16 18:06:18,976 basehttp 92226 6197964800 "GET /api/weather/current/?lat=40.7128&lng=-74.006 HTTP/1.1" 200 190
INFO 2025-07-16 18:06:39,136 basehttp 92226 6197964800 "GET /api/weather/current/?lat=40.7128&lng=-74.006 HTTP/1.1" 200 183
ERROR 2025-07-16 18:06:39,137 google_places 92226 6214791168 Google Places API key not configured
ERROR 2025-07-16 18:06:39,137 google_places 92226 6214791168 Google Places API key not configured
ERROR 2025-07-16 18:06:39,138 google_places 92226 6214791168 Google Places API key not configured
INFO 2025-07-16 18:06:39,139 basehttp 92226 6214791168 "GET /api/recommendations/?lat=40.7128&lng=-74.006 HTTP/1.1" 200 55
INFO 2025-07-16 18:06:39,144 basehttp 92226 6197964800 "GET /api/weather/current/?lat=40.7128&lng=-74.006 HTTP/1.1" 200 191
ERROR 2025-07-16 18:06:39,145 google_places 92226 6231617536 Google Places API key not configured
ERROR 2025-07-16 18:06:39,145 google_places 92226 6231617536 Google Places API key not configured
ERROR 2025-07-16 18:06:39,145 google_places 92226 6231617536 Google Places API key not configured
INFO 2025-07-16 18:06:39,146 basehttp 92226 6231617536 "GET /api/recommendations/?lat=40.7128&lng=-74.006 HTTP/1.1" 200 55
INFO 2025-07-16 18:07:45,584 basehttp 92226 6197964800 "GET /api/weather/current/?lat=40.7128&lng=-74.006 HTTP/1.1" 200 184
ERROR 2025-07-16 18:07:45,588 google_places 92226 6214791168 Google Places API key not configured
ERROR 2025-07-16 18:07:45,594 google_places 92226 6214791168 Google Places API key not configured
ERROR 2025-07-16 18:07:45,595 google_places 92226 6214791168 Google Places API key not configured
INFO 2025-07-16 18:07:45,598 basehttp 92226 6214791168 "GET /api/recommendations/?lat=40.7128&lng=-74.006 HTTP/1.1" 200 55
INFO 2025-07-16 18:07:45,605 basehttp 92226 6197964800 "GET /api/weather/current/?lat=40.7128&lng=-74.006 HTTP/1.1" 200 186
ERROR 2025-07-16 18:07:45,638 google_places 92226 6231617536 Google Places API key not configured
ERROR 2025-07-16 18:07:45,639 google_places 92226 6231617536 Google Places API key not configured
ERROR 2025-07-16 18:07:45,639 google_places 92226 6231617536 Google Places API key not configured
INFO 2025-07-16 18:07:45,640 basehttp 92226 6231617536 "GET /api/recommendations/?lat=40.7128&lng=-74.006 HTTP/1.1" 200 55
INFO 2025-07-16 18:08:53,160 basehttp 92226 6197964800 "GET /api/weather/current/?lat=40.7128&lng=-74.006 HTTP/1.1" 200 184
ERROR 2025-07-16 18:08:53,162 google_places 92226 6214791168 Google Places API key not configured
ERROR 2025-07-16 18:08:53,165 google_places 92226 6214791168 Google Places API key not configured
ERROR 2025-07-16 18:08:53,165 google_places 92226 6214791168 Google Places API key not configured
INFO 2025-07-16 18:08:53,166 basehttp 92226 6214791168 "GET /api/recommendations/?lat=40.7128&lng=-74.006 HTTP/1.1" 200 55
INFO 2025-07-16 18:09:03,605 basehttp 92226 6197964800 "OPTIONS /api/auth/logout/ HTTP/1.1" 200 0
WARNING 2025-07-16 18:09:03,614 log 92226 6197964800 Bad Request: /api/auth/logout/
WARNING 2025-07-16 18:09:03,615 basehttp 92226 6197964800 "POST /api/auth/logout/ HTTP/1.1" 400 26
INFO 2025-07-16 18:09:08,631 basehttp 92226 6197964800 "POST /api/auth/login/ HTTP/1.1" 200 854
ERROR 2025-07-16 18:09:08,702 google_places 92226 6214791168 Google Places API key not configured
ERROR 2025-07-16 18:09:08,702 google_places 92226 6214791168 Google Places API key not configured
ERROR 2025-07-16 18:09:08,702 google_places 92226 6214791168 Google Places API key not configured
INFO 2025-07-16 18:09:08,703 basehttp 92226 6214791168 "GET /api/recommendations/?lat=40.7128&lng=-74.006 HTTP/1.1" 200 55
INFO 2025-07-16 18:09:08,707 basehttp 92226 6197964800 "GET /api/weather/current/?lat=40.7128&lng=-74.006 HTTP/1.1" 200 191
ERROR 2025-07-16 18:09:08,711 google_places 92226 6214791168 Google Places API key not configured
ERROR 2025-07-16 18:09:08,711 google_places 92226 6214791168 Google Places API key not configured
ERROR 2025-07-16 18:09:08,711 google_places 92226 6214791168 Google Places API key not configured
INFO 2025-07-16 18:09:08,712 basehttp 92226 6214791168 "GET /api/recommendations/?lat=40.7128&lng=-74.006 HTTP/1.1" 200 55
INFO 2025-07-16 18:09:08,716 basehttp 92226 6231617536 "GET /api/weather/current/?lat=40.7128&lng=-74.006 HTTP/1.1" 200 183
WARNING 2025-07-16 18:09:53,852 log 92226 6197964800 Bad Request: /api/auth/logout/
WARNING 2025-07-16 18:09:53,853 basehttp 92226 6197964800 "POST /api/auth/logout/ HTTP/1.1" 400 26
INFO 2025-07-16 18:10:48,060 basehttp 92226 6197964800 "OPTIONS /api/auth/register/ HTTP/1.1" 200 0
INFO 2025-07-16 18:10:48,508 basehttp 92226 6197964800 "POST /api/auth/register/ HTTP/1.1" 201 858
ERROR 2025-07-16 18:10:48,581 google_places 92226 6214791168 Google Places API key not configured
ERROR 2025-07-16 18:10:48,582 google_places 92226 6214791168 Google Places API key not configured
INFO 2025-07-16 18:10:48,583 basehttp 92226 6197964800 "GET /api/weather/current/?lat=40.7128&lng=-74.006 HTTP/1.1" 200 185
ERROR 2025-07-16 18:10:48,584 google_places 92226 6214791168 Google Places API key not configured
INFO 2025-07-16 18:10:48,589 basehttp 92226 6214791168 "GET /api/recommendations/?lat=40.7128&lng=-74.006 HTTP/1.1" 200 55
ERROR 2025-07-16 18:10:48,615 google_places 92226 6231617536 Google Places API key not configured
ERROR 2025-07-16 18:10:48,615 google_places 92226 6231617536 Google Places API key not configured
ERROR 2025-07-16 18:10:48,616 google_places 92226 6231617536 Google Places API key not configured
INFO 2025-07-16 18:10:48,616 basehttp 92226 6231617536 "GET /api/recommendations/?lat=40.7128&lng=-74.006 HTTP/1.1" 200 55
INFO 2025-07-16 18:10:48,618 basehttp 92226 6197964800 "GET /api/weather/current/?lat=40.7128&lng=-74.006 HTTP/1.1" 200 184
WARNING 2025-07-16 18:11:33,271 log 92226 6197964800 Bad Request: /api/auth/logout/
WARNING 2025-07-16 18:11:33,272 basehttp 92226 6197964800 "POST /api/auth/logout/ HTTP/1.1" 400 26
INFO 2025-07-16 18:11:41,846 basehttp 92226 6197964800 "POST /api/auth/login/ HTTP/1.1" 200 858
ERROR 2025-07-16 18:11:41,916 google_places 92226 6214791168 Google Places API key not configured
ERROR 2025-07-16 18:11:41,916 google_places 92226 6214791168 Google Places API key not configured
ERROR 2025-07-16 18:11:41,917 google_places 92226 6214791168 Google Places API key not configured
INFO 2025-07-16 18:11:41,918 basehttp 92226 6214791168 "GET /api/recommendations/?lat=40.7128&lng=-74.006 HTTP/1.1" 200 55
INFO 2025-07-16 18:11:41,922 basehttp 92226 6197964800 "GET /api/weather/current/?lat=40.7128&lng=-74.006 HTTP/1.1" 200 191
INFO 2025-07-16 18:11:41,927 basehttp 92226 6231617536 "GET /api/weather/current/?lat=40.7128&lng=-74.006 HTTP/1.1" 200 182
ERROR 2025-07-16 18:11:41,929 google_places 92226 6214791168 Google Places API key not configured
ERROR 2025-07-16 18:11:41,929 google_places 92226 6214791168 Google Places API key not configured
ERROR 2025-07-16 18:11:41,929 google_places 92226 6214791168 Google Places API key not configured
INFO 2025-07-16 18:11:41,936 basehttp 92226 6214791168 "GET /api/recommendations/?lat=40.7128&lng=-74.006 HTTP/1.1" 200 55
INFO 2025-07-16 18:12:05,941 basehttp 92226 6197964800 "GET /api/weather/current/?lat=40.7128&lng=-74.006 HTTP/1.1" 200 190
ERROR 2025-07-16 18:12:05,942 google_places 92226 6214791168 Google Places API key not configured
ERROR 2025-07-16 18:12:05,943 google_places 92226 6214791168 Google Places API key not configured
ERROR 2025-07-16 18:12:05,943 google_places 92226 6214791168 Google Places API key not configured
INFO 2025-07-16 18:12:05,944 basehttp 92226 6214791168 "GET /api/recommendations/?lat=40.7128&lng=-74.006 HTTP/1.1" 200 55
ERROR 2025-07-16 18:12:37,826 google_places 92226 6214791168 Google Places API key not configured
INFO 2025-07-16 18:12:37,827 basehttp 92226 6197964800 "GET /api/weather/current/?lat=40.7128&lng=-74.006 HTTP/1.1" 200 186
ERROR 2025-07-16 18:12:37,827 google_places 92226 6214791168 Google Places API key not configured
ERROR 2025-07-16 18:12:37,831 google_places 92226 6214791168 Google Places API key not configured
INFO 2025-07-16 18:12:37,837 basehttp 92226 6214791168 "GET /api/recommendations/?lat=40.7128&lng=-74.006 HTTP/1.1" 200 55
INFO 2025-07-16 18:12:37,868 basehttp 92226 6197964800 "GET /api/weather/current/?lat=40.7128&lng=-74.006 HTTP/1.1" 200 185
ERROR 2025-07-16 18:12:37,868 google_places 92226 6214791168 Google Places API key not configured
ERROR 2025-07-16 18:12:37,868 google_places 92226 6214791168 Google Places API key not configured
ERROR 2025-07-16 18:12:37,868 google_places 92226 6214791168 Google Places API key not configured
INFO 2025-07-16 18:12:37,869 basehttp 92226 6214791168 "GET /api/recommendations/?lat=40.7128&lng=-74.006 HTTP/1.1" 200 55
INFO 2025-07-16 18:12:48,070 basehttp 92226 6197964800 "OPTIONS /api/places/search/?q=nnd HTTP/1.1" 200 0
ERROR 2025-07-16 18:12:48,075 google_places 92226 6197964800 Google Places API key not configured
INFO 2025-07-16 18:12:48,075 basehttp 92226 6197964800 "GET /api/places/search/?q=nnd HTTP/1.1" 200 803
INFO 2025-07-16 18:14:04,610 basehttp 92226 6197964800 "OPTIONS /api/auth/me/ HTTP/1.1" 200 0
INFO 2025-07-16 18:14:04,786 basehttp 92226 6214791168 "OPTIONS /api/auth/me/ HTTP/1.1" 200 0
INFO 2025-07-16 18:14:04,800 basehttp 92226 6197964800 "GET /api/auth/me/ HTTP/1.1" 200 356
INFO 2025-07-16 18:14:04,809 basehttp 92226 6214791168 "GET /api/auth/me/ HTTP/1.1" 200 356
INFO 2025-07-16 18:14:17,603 basehttp 92226 6197964800 "GET /api/auth/me/ HTTP/1.1" 200 356
INFO 2025-07-16 18:14:17,608 basehttp 92226 6197964800 "GET /api/auth/me/ HTTP/1.1" 200 356
INFO 2025-07-16 18:17:12,482 basehttp 92226 6197964800 "GET /api/auth/me/ HTTP/1.1" 200 356
INFO 2025-07-16 18:17:12,489 basehttp 92226 6197964800 "GET /api/auth/me/ HTTP/1.1" 200 356
INFO 2025-07-16 18:22:41,279 basehttp 92226 6197964800 "OPTIONS /api/trips/ HTTP/1.1" 200 0
INFO 2025-07-16 18:22:41,297 basehttp 92226 6214791168 "OPTIONS /api/trips/ HTTP/1.1" 200 0
INFO 2025-07-16 18:22:41,406 basehttp 92226 6197964800 "GET /api/trips/ HTTP/1.1" 200 52
INFO 2025-07-16 18:22:41,431 basehttp 92226 6214791168 "GET /api/trips/ HTTP/1.1" 200 52
INFO 2025-07-16 18:24:57,444 basehttp 92226 6197964800 "GET /api/auth/me/ HTTP/1.1" 200 356
INFO 2025-07-16 18:24:57,450 basehttp 92226 6214791168 "GET /api/auth/me/ HTTP/1.1" 200 356
INFO 2025-07-16 18:25:00,710 basehttp 92226 6214791168 "POST /api/auth/login/ HTTP/1.1" 200 858
INFO 2025-07-16 18:25:00,783 basehttp 92226 6214791168 "GET /api/trips/ HTTP/1.1" 200 52
INFO 2025-07-16 18:25:00,797 basehttp 92226 6197964800 "GET /api/trips/ HTTP/1.1" 200 52
INFO 2025-07-16 18:25:13,850 basehttp 92226 6197964800 "GET /api/trips/ HTTP/1.1" 200 52
INFO 2025-07-16 18:25:13,855 basehttp 92226 6197964800 "GET /api/trips/ HTTP/1.1" 200 52
INFO 2025-07-16 18:25:20,488 basehttp 92226 6197964800 "GET /api/trips/ HTTP/1.1" 200 52
INFO 2025-07-16 18:25:20,497 basehttp 92226 6197964800 "GET /api/trips/ HTTP/1.1" 200 52
INFO 2025-07-16 18:28:32,404 basehttp 92226 6197964800 "GET /api/trips/ HTTP/1.1" 200 52
INFO 2025-07-16 18:28:32,415 basehttp 92226 6197964800 "GET /api/trips/ HTTP/1.1" 200 52
INFO 2025-07-16 18:28:41,446 basehttp 92226 6197964800 "GET /api/auth/me/ HTTP/1.1" 200 356
INFO 2025-07-16 18:28:41,450 basehttp 92226 6197964800 "GET /api/auth/me/ HTTP/1.1" 200 356
INFO 2025-07-16 18:28:41,567 basehttp 92226 6197964800 "GET /api/trips/ HTTP/1.1" 200 52
INFO 2025-07-16 18:28:41,579 basehttp 92226 6214791168 "GET /api/trips/ HTTP/1.1" 200 52
INFO 2025-07-16 18:34:33,369 basehttp 92226 6197964800 "GET /api/trips/ HTTP/1.1" 200 52
INFO 2025-07-16 18:35:29,634 basehttp 92226 6197964800 "GET /api/auth/me/ HTTP/1.1" 200 356
INFO 2025-07-16 18:35:29,640 basehttp 92226 6197964800 "GET /api/auth/me/ HTTP/1.1" 200 356
INFO 2025-07-16 18:35:29,775 basehttp 92226 6197964800 "GET /api/trips/ HTTP/1.1" 200 52
INFO 2025-07-16 18:35:29,792 basehttp 92226 6214791168 "GET /api/trips/ HTTP/1.1" 200 52
INFO 2025-07-16 18:35:41,648 basehttp 92226 6197964800 "GET /api/auth/me/ HTTP/1.1" 200 356
INFO 2025-07-16 18:35:41,652 basehttp 92226 6197964800 "GET /api/auth/me/ HTTP/1.1" 200 356
INFO 2025-07-16 18:35:41,842 basehttp 92226 6197964800 "GET /api/trips/ HTTP/1.1" 200 52
INFO 2025-07-16 18:35:41,879 basehttp 92226 6214791168 "GET /api/trips/ HTTP/1.1" 200 52
INFO 2025-07-16 18:35:59,263 basehttp 92226 6197964800 "POST /api/trips/ HTTP/1.1" 201 197
INFO 2025-07-16 18:36:25,550 basehttp 92226 6197964800 "GET /api/auth/me/ HTTP/1.1" 200 356
INFO 2025-07-16 18:36:25,559 basehttp 92226 6197964800 "GET /api/auth/me/ HTTP/1.1" 200 356
INFO 2025-07-16 18:36:25,668 basehttp 92226 6197964800 "GET /api/trips/ HTTP/1.1" 200 415
INFO 2025-07-16 18:36:25,687 basehttp 92226 6214791168 "GET /api/trips/ HTTP/1.1" 200 415
INFO 2025-07-16 18:36:27,292 basehttp 92226 6214791168 "GET /api/auth/me/ HTTP/1.1" 200 356
INFO 2025-07-16 18:36:27,303 basehttp 92226 6197964800 "GET /api/auth/me/ HTTP/1.1" 200 356
INFO 2025-07-16 18:36:27,360 basehttp 92226 6197964800 "GET /api/trips/ HTTP/1.1" 200 415
INFO 2025-07-16 18:36:27,378 basehttp 92226 6214791168 "GET /api/trips/ HTTP/1.1" 200 415
INFO 2025-07-16 18:36:28,105 basehttp 92226 6214791168 "GET /api/auth/me/ HTTP/1.1" 200 356
INFO 2025-07-16 18:36:28,112 basehttp 92226 6197964800 "GET /api/auth/me/ HTTP/1.1" 200 356
INFO 2025-07-16 18:36:28,164 basehttp 92226 6197964800 "GET /api/trips/ HTTP/1.1" 200 415
INFO 2025-07-16 18:36:28,179 basehttp 92226 6214791168 "GET /api/trips/ HTTP/1.1" 200 415
INFO 2025-07-16 18:36:28,856 basehttp 92226 6214791168 "GET /api/auth/me/ HTTP/1.1" 200 356
INFO 2025-07-16 18:36:28,872 basehttp 92226 6197964800 "GET /api/auth/me/ HTTP/1.1" 200 356
INFO 2025-07-16 18:36:28,925 basehttp 92226 6197964800 "GET /api/trips/ HTTP/1.1" 200 415
INFO 2025-07-16 18:36:28,936 basehttp 92226 6214791168 "GET /api/trips/ HTTP/1.1" 200 415
INFO 2025-07-16 18:36:29,561 basehttp 92226 6214791168 "GET /api/auth/me/ HTTP/1.1" 200 356
INFO 2025-07-16 18:36:29,581 basehttp 92226 6197964800 "GET /api/auth/me/ HTTP/1.1" 200 356
INFO 2025-07-16 18:36:29,637 basehttp 92226 6197964800 "GET /api/trips/ HTTP/1.1" 200 415
INFO 2025-07-16 18:36:29,645 basehttp 92226 6214791168 "GET /api/trips/ HTTP/1.1" 200 415
INFO 2025-07-16 18:38:01,488 basehttp 92226 6197964800 "GET /api/auth/me/ HTTP/1.1" 200 356
INFO 2025-07-16 18:38:01,524 basehttp 92226 6197964800 "GET /api/auth/me/ HTTP/1.1" 200 356
INFO 2025-07-16 18:38:08,030 basehttp 92226 6197964800 "GET /api/trips/ HTTP/1.1" 200 415
INFO 2025-07-16 18:38:08,048 basehttp 92226 6197964800 "GET /api/trips/ HTTP/1.1" 200 415
INFO 2025-07-16 18:41:31,241 basehttp 92226 6197964800 "GET /api/auth/me/ HTTP/1.1" 200 356
INFO 2025-07-16 18:41:31,283 basehttp 92226 6214791168 "GET /api/auth/me/ HTTP/1.1" 200 356
INFO 2025-07-16 18:41:31,424 basehttp 92226 6214791168 "GET /api/trips/ HTTP/1.1" 200 415
INFO 2025-07-16 18:41:31,462 basehttp 92226 6197964800 "GET /api/trips/ HTTP/1.1" 200 415
INFO 2025-07-16 18:41:39,135 basehttp 92226 6197964800 "GET /api/auth/me/ HTTP/1.1" 200 356
INFO 2025-07-16 18:41:39,152 basehttp 92226 6197964800 "GET /api/auth/me/ HTTP/1.1" 200 356
INFO 2025-07-16 18:41:39,336 basehttp 92226 6197964800 "GET /api/trips/ HTTP/1.1" 200 415
INFO 2025-07-16 18:41:39,361 basehttp 92226 6214791168 "GET /api/trips/ HTTP/1.1" 200 415
INFO 2025-07-16 18:41:59,507 basehttp 92226 6197964800 "GET /api/auth/me/ HTTP/1.1" 200 356
INFO 2025-07-16 18:41:59,550 basehttp 92226 6214791168 "GET /api/auth/me/ HTTP/1.1" 200 356
INFO 2025-07-16 18:41:59,679 basehttp 92226 6214791168 "GET /api/trips/ HTTP/1.1" 200 415
INFO 2025-07-16 18:41:59,718 basehttp 92226 6197964800 "GET /api/trips/ HTTP/1.1" 200 415
INFO 2025-07-16 18:42:05,503 basehttp 92226 6197964800 "GET /api/auth/me/ HTTP/1.1" 200 356
INFO 2025-07-16 18:42:05,507 basehttp 92226 6197964800 "GET /api/auth/me/ HTTP/1.1" 200 356
INFO 2025-07-16 18:42:05,642 basehttp 92226 6197964800 "GET /api/trips/ HTTP/1.1" 200 415
INFO 2025-07-16 18:42:05,670 basehttp 92226 6214791168 "GET /api/trips/ HTTP/1.1" 200 415
INFO 2025-07-16 18:42:30,191 basehttp 92226 6197964800 "POST /api/trips/ HTTP/1.1" 201 199
INFO 2025-07-16 18:42:37,980 basehttp 92226 6197964800 "GET /api/trips/ HTTP/1.1" 200 781
INFO 2025-07-16 18:43:06,780 basehttp 92226 6197964800 "GET /api/auth/me/ HTTP/1.1" 200 356
INFO 2025-07-16 18:43:06,805 basehttp 92226 6197964800 "GET /api/auth/me/ HTTP/1.1" 200 356
INFO 2025-07-16 18:43:06,905 basehttp 92226 6197964800 "GET /api/trips/ HTTP/1.1" 200 781
INFO 2025-07-16 18:43:06,937 basehttp 92226 6214791168 "GET /api/trips/ HTTP/1.1" 200 781
INFO 2025-07-16 18:43:52,771 basehttp 92226 6197964800 "GET /api/trips/ HTTP/1.1" 200 781
INFO 2025-07-16 18:43:59,207 basehttp 92226 6197964800 "GET /api/auth/me/ HTTP/1.1" 200 356
INFO 2025-07-16 18:43:59,226 basehttp 92226 6214791168 "GET /api/auth/me/ HTTP/1.1" 200 356
INFO 2025-07-16 18:43:59,344 basehttp 92226 6214791168 "GET /api/trips/ HTTP/1.1" 200 781
INFO 2025-07-16 18:43:59,359 basehttp 92226 6197964800 "GET /api/trips/ HTTP/1.1" 200 781
INFO 2025-07-16 18:44:10,145 basehttp 92226 6197964800 "POST /api/trips/ HTTP/1.1" 201 179
INFO 2025-07-16 18:46:05,938 basehttp 92226 6197964800 "GET /api/auth/me/ HTTP/1.1" 200 356
INFO 2025-07-16 18:46:05,948 basehttp 92226 6197964800 "GET /api/auth/me/ HTTP/1.1" 200 356
INFO 2025-07-16 18:46:06,082 basehttp 92226 6197964800 "GET /api/trips/ HTTP/1.1" 200 1127
INFO 2025-07-16 18:46:06,229 basehttp 92226 6197964800 "GET /api/trips/ HTTP/1.1" 200 1127
INFO 2025-07-16 18:47:03,984 basehttp 92226 6197964800 "POST /api/trips/ HTTP/1.1" 201 178
INFO 2025-07-16 18:48:34,302 basehttp 92226 6197964800 "GET /api/trips/ HTTP/1.1" 200 1472
WARNING 2025-07-16 18:48:52,614 log 92226 6197964800 Unauthorized: /api/trips/
WARNING 2025-07-16 18:48:52,615 basehttp 92226 6197964800 "POST /api/trips/ HTTP/1.1" 401 172
INFO 2025-07-16 18:49:15,297 basehttp 92226 6197964800 "POST /api/auth/login/ HTTP/1.1" 200 854
WARNING 2025-07-16 18:49:23,804 log 92226 6197964800 Unauthorized: /api/trips/
WARNING 2025-07-16 18:49:23,804 basehttp 92226 6197964800 "POST /api/trips/ HTTP/1.1" 401 172
INFO 2025-07-16 18:49:27,238 basehttp 92226 6214791168 "GET /api/trips/ HTTP/1.1" 200 1472
INFO 2025-07-16 18:50:09,253 basehttp 92226 6214791168 "GET /api/trips/ HTTP/1.1" 200 1472
INFO 2025-07-16 18:50:11,871 basehttp 92226 6197964800 "POST /api/trips/ HTTP/1.1" 201 213
INFO 2025-07-16 18:51:22,247 basehttp 92226 6214791168 "GET /api/trips/ HTTP/1.1" 200 1472
INFO 2025-07-16 18:51:32,502 basehttp 92226 6214791168 "GET /api/auth/me/ HTTP/1.1" 200 356
INFO 2025-07-16 18:51:32,509 basehttp 92226 6214791168 "GET /api/auth/me/ HTTP/1.1" 200 356
INFO 2025-07-16 18:51:32,643 basehttp 92226 6214791168 "GET /api/trips/ HTTP/1.1" 200 1472
INFO 2025-07-16 18:51:32,684 basehttp 92226 6231617536 "GET /api/trips/ HTTP/1.1" 200 1472
INFO 2025-07-16 18:51:41,354 basehttp 92226 6214791168 "POST /api/trips/ HTTP/1.1" 201 168
INFO 2025-07-16 18:52:42,187 basehttp 92226 6214791168 "GET /api/trips/ HTTP/1.1" 200 1807
INFO 2025-07-16 18:53:50,771 basehttp 92226 6214791168 "GET /api/trips/ HTTP/1.1" 200 1807
INFO 2025-07-16 18:54:28,161 basehttp 92226 6214791168 "GET /api/trips/ HTTP/1.1" 200 1807
INFO 2025-07-16 18:55:03,510 basehttp 92226 6214791168 "GET /api/trips/ HTTP/1.1" 200 1807
INFO 2025-07-16 18:55:45,571 basehttp 92226 6214791168 "GET /api/trips/ HTTP/1.1" 200 1807
INFO 2025-07-16 18:56:14,693 basehttp 92226 6214791168 "GET /api/auth/me/ HTTP/1.1" 200 356
INFO 2025-07-16 18:56:14,703 basehttp 92226 6214791168 "GET /api/auth/me/ HTTP/1.1" 200 356
INFO 2025-07-16 18:56:14,816 basehttp 92226 6214791168 "GET /api/trips/ HTTP/1.1" 200 1807
INFO 2025-07-16 18:56:14,852 basehttp 92226 6231617536 "GET /api/trips/ HTTP/1.1" 200 1807
INFO 2025-07-16 18:58:20,281 basehttp 92226 6214791168 "GET /api/auth/me/ HTTP/1.1" 200 356
INFO 2025-07-16 18:58:20,284 basehttp 92226 6214791168 "GET /api/auth/me/ HTTP/1.1" 200 356
INFO 2025-07-16 18:58:20,437 basehttp 92226 6214791168 "GET /api/trips/ HTTP/1.1" 200 1807
INFO 2025-07-16 18:58:20,473 basehttp 92226 6231617536 "GET /api/trips/ HTTP/1.1" 200 1807
INFO 2025-07-16 18:59:43,107 basehttp 92226 6214791168 "GET /api/trips/ HTTP/1.1" 200 1807
INFO 2025-07-16 18:59:43,143 basehttp 92226 6214791168 "GET /api/trips/ HTTP/1.1" 200 1807
INFO 2025-07-16 18:59:52,670 basehttp 92226 6214791168 "GET /api/trips/ HTTP/1.1" 200 1807
INFO 2025-07-16 18:59:52,710 basehttp 92226 6214791168 "GET /api/trips/ HTTP/1.1" 200 1807
INFO 2025-07-16 19:01:09,630 basehttp 92226 6214791168 "GET /api/auth/me/ HTTP/1.1" 200 356
INFO 2025-07-16 19:01:09,639 basehttp 92226 6214791168 "GET /api/auth/me/ HTTP/1.1" 200 356
INFO 2025-07-16 19:01:09,763 basehttp 92226 6214791168 "GET /api/trips/ HTTP/1.1" 200 1807
INFO 2025-07-16 19:01:09,803 basehttp 92226 6231617536 "GET /api/trips/ HTTP/1.1" 200 1807
INFO 2025-07-16 19:05:12,345 basehttp 92226 6214791168 "GET /api/auth/me/ HTTP/1.1" 200 356
INFO 2025-07-16 19:05:12,352 basehttp 92226 6214791168 "GET /api/auth/me/ HTTP/1.1" 200 356
INFO 2025-07-16 19:05:12,514 basehttp 92226 6214791168 "GET /api/trips/ HTTP/1.1" 200 1807
INFO 2025-07-16 19:05:12,530 basehttp 92226 6231617536 "GET /api/trips/ HTTP/1.1" 200 1807
INFO 2025-07-16 19:05:41,917 basehttp 92226 6214791168 "GET /api/auth/me/ HTTP/1.1" 200 356
INFO 2025-07-16 19:05:41,927 basehttp 92226 6214791168 "GET /api/auth/me/ HTTP/1.1" 200 356
INFO 2025-07-16 19:05:42,068 basehttp 92226 6214791168 "GET /api/trips/ HTTP/1.1" 200 1807
INFO 2025-07-16 19:05:42,094 basehttp 92226 6231617536 "GET /api/trips/ HTTP/1.1" 200 1807
INFO 2025-07-16 19:06:09,841 basehttp 92226 6214791168 "GET /api/auth/me/ HTTP/1.1" 200 356
INFO 2025-07-16 19:06:09,851 basehttp 92226 6214791168 "GET /api/auth/me/ HTTP/1.1" 200 356
INFO 2025-07-16 19:06:10,062 basehttp 92226 6214791168 "GET /api/trips/ HTTP/1.1" 200 1807
INFO 2025-07-16 19:06:10,080 basehttp 92226 6231617536 "GET /api/trips/ HTTP/1.1" 200 1807
INFO 2025-07-16 19:06:48,779 basehttp 92226 6214791168 "GET /api/auth/me/ HTTP/1.1" 200 356
INFO 2025-07-16 19:06:48,785 basehttp 92226 6214791168 "GET /api/auth/me/ HTTP/1.1" 200 356
INFO 2025-07-16 19:06:48,925 basehttp 92226 6214791168 "GET /api/trips/ HTTP/1.1" 200 1807
INFO 2025-07-16 19:06:48,945 basehttp 92226 6231617536 "GET /api/trips/ HTTP/1.1" 200 1807
INFO 2025-07-16 19:07:18,128 basehttp 92226 6214791168 "GET /api/auth/me/ HTTP/1.1" 200 356
INFO 2025-07-16 19:07:18,139 basehttp 92226 6214791168 "GET /api/auth/me/ HTTP/1.1" 200 356
INFO 2025-07-16 19:07:18,295 basehttp 92226 6214791168 "GET /api/trips/ HTTP/1.1" 200 1807
INFO 2025-07-16 19:07:18,316 basehttp 92226 6231617536 "GET /api/trips/ HTTP/1.1" 200 1807
INFO 2025-07-16 19:08:31,442 basehttp 92226 6214791168 "GET /api/trips/ HTTP/1.1" 200 1807
INFO 2025-07-16 19:09:20,355 basehttp 92226 6214791168 "POST /api/trips/ HTTP/1.1" 201 180
INFO 2025-07-16 19:09:23,323 basehttp 92226 6214791168 "GET /api/auth/me/ HTTP/1.1" 200 356
INFO 2025-07-16 19:09:23,337 basehttp 92226 6214791168 "GET /api/auth/me/ HTTP/1.1" 200 356
INFO 2025-07-16 19:09:23,483 basehttp 92226 6214791168 "GET /api/trips/ HTTP/1.1" 200 2152
INFO 2025-07-16 19:09:23,505 basehttp 92226 6231617536 "GET /api/trips/ HTTP/1.1" 200 2152
INFO 2025-07-16 19:09:46,737 autoreload 7729 8797069056 Watching for file changes with StatReloader
WARNING 2025-07-16 19:09:46,923 google_places 7729 8797069056 Google Maps API key not configured
INFO 2025-07-16 19:10:38,795 basehttp 7729 6205190144 "POST /api/trips/ HTTP/1.1" 201 197
INFO 2025-07-16 19:11:13,003 basehttp 7729 6205190144 "GET /api/auth/me/ HTTP/1.1" 200 356
INFO 2025-07-16 19:11:13,007 basehttp 7729 6205190144 "GET /api/auth/me/ HTTP/1.1" 200 356
INFO 2025-07-16 19:11:13,144 basehttp 7729 6205190144 "GET /api/trips/ HTTP/1.1" 200 2514
INFO 2025-07-16 19:11:13,167 basehttp 7729 6222016512 "GET /api/trips/ HTTP/1.1" 200 2514
INFO 2025-07-16 19:11:18,251 basehttp 7729 6205190144 "GET /api/auth/me/ HTTP/1.1" 200 356
INFO 2025-07-16 19:11:18,261 basehttp 7729 6205190144 "GET /api/auth/me/ HTTP/1.1" 200 356
INFO 2025-07-16 19:11:18,332 basehttp 7729 6205190144 "GET /api/trips/ HTTP/1.1" 200 2514
INFO 2025-07-16 19:11:18,351 basehttp 7729 6222016512 "GET /api/trips/ HTTP/1.1" 200 2514
INFO 2025-07-16 19:12:37,151 basehttp 7729 6205190144 "GET /api/auth/me/ HTTP/1.1" 200 356
INFO 2025-07-16 19:12:37,157 basehttp 7729 6205190144 "GET /api/auth/me/ HTTP/1.1" 200 356
INFO 2025-07-16 19:12:37,321 basehttp 7729 6205190144 "GET /api/trips/ HTTP/1.1" 200 2514
INFO 2025-07-16 19:12:37,341 basehttp 7729 6222016512 "GET /api/trips/ HTTP/1.1" 200 2514
INFO 2025-07-16 19:17:44,436 basehttp 7729 6205190144 "GET /api/auth/me/ HTTP/1.1" 200 356
INFO 2025-07-16 19:17:44,441 basehttp 7729 6205190144 "GET /api/auth/me/ HTTP/1.1" 200 356
INFO 2025-07-16 19:17:44,843 basehttp 7729 6205190144 "GET /api/trips/ HTTP/1.1" 200 2514
INFO 2025-07-16 19:17:44,862 basehttp 7729 6222016512 "GET /api/trips/ HTTP/1.1" 200 2514
WARNING 2025-07-16 19:25:09,224 log 7729 6205190144 Unauthorized: /api/auth/me/
WARNING 2025-07-16 19:25:09,234 basehttp 7729 6205190144 "GET /api/auth/me/ HTTP/1.1" 401 172
WARNING 2025-07-16 19:25:09,250 log 7729 6222016512 Unauthorized: /api/auth/me/
WARNING 2025-07-16 19:25:09,257 basehttp 7729 6222016512 "GET /api/auth/me/ HTTP/1.1" 401 172
INFO 2025-07-16 19:26:52,271 basehttp 7729 6205190144 "POST /api/auth/login/ HTTP/1.1" 200 858
INFO 2025-07-16 19:26:52,456 basehttp 7729 6205190144 "GET /api/trips/ HTTP/1.1" 200 2514
INFO 2025-07-16 19:26:52,484 basehttp 7729 6205190144 "GET /api/trips/ HTTP/1.1" 200 2514
INFO 2025-07-16 19:29:09,862 basehttp 7729 6205190144 "GET /api/trips/ HTTP/1.1" 200 2514
INFO 2025-07-16 19:29:09,889 basehttp 7729 6205190144 "GET /api/trips/ HTTP/1.1" 200 2514
INFO 2025-07-16 19:39:31,669 basehttp 7729 6205190144 "GET /api/auth/me/ HTTP/1.1" 200 356
INFO 2025-07-16 19:39:31,696 basehttp 7729 6205190144 "GET /api/auth/me/ HTTP/1.1" 200 356
INFO 2025-07-16 19:39:32,231 basehttp 7729 6205190144 "GET /api/trips/ HTTP/1.1" 200 2514
INFO 2025-07-16 19:39:32,303 basehttp 7729 6222016512 "GET /api/trips/ HTTP/1.1" 200 2514
INFO 2025-07-16 19:42:24,913 basehttp 7729 6205190144 "POST /api/trips/ HTTP/1.1" 201 198
INFO 2025-07-16 19:42:54,082 basehttp 7729 6205190144 "GET /api/auth/me/ HTTP/1.1" 200 356
INFO 2025-07-16 19:42:54,088 basehttp 7729 6205190144 "GET /api/auth/me/ HTTP/1.1" 200 356
INFO 2025-07-16 19:42:54,286 basehttp 7729 6205190144 "GET /api/trips/ HTTP/1.1" 200 2878
INFO 2025-07-16 19:42:54,321 basehttp 7729 6222016512 "GET /api/trips/ HTTP/1.1" 200 2878
INFO 2025-07-16 19:47:17,131 basehttp 7729 6205190144 "GET /api/auth/me/ HTTP/1.1" 200 356
INFO 2025-07-16 19:47:17,145 basehttp 7729 6205190144 "GET /api/auth/me/ HTTP/1.1" 200 356
INFO 2025-07-16 19:47:17,642 basehttp 7729 6205190144 "GET /api/trips/ HTTP/1.1" 200 2878
INFO 2025-07-16 19:47:17,697 basehttp 7729 6222016512 "GET /api/trips/ HTTP/1.1" 200 2878
INFO 2025-07-16 19:48:59,055 basehttp 7729 6205190144 "GET /api/auth/me/ HTTP/1.1" 200 356
INFO 2025-07-16 19:48:59,086 basehttp 7729 6222016512 "GET /api/auth/me/ HTTP/1.1" 200 356
INFO 2025-07-16 19:48:59,187 basehttp 7729 6222016512 "GET /api/trips/ HTTP/1.1" 200 2878
INFO 2025-07-16 19:48:59,257 basehttp 7729 6205190144 "GET /api/trips/ HTTP/1.1" 200 2878
INFO 2025-07-16 19:54:27,439 basehttp 7729 6205190144 "GET /api/trips/ HTTP/1.1" 200 2878
INFO 2025-07-16 19:54:27,479 basehttp 7729 6205190144 "GET /api/trips/ HTTP/1.1" 200 2878
INFO 2025-07-16 19:58:24,945 basehttp 7729 6205190144 "GET /api/auth/me/ HTTP/1.1" 200 356
INFO 2025-07-16 19:58:24,954 basehttp 7729 6205190144 "GET /api/auth/me/ HTTP/1.1" 200 356
INFO 2025-07-16 19:58:38,971 basehttp 7729 6205190144 "GET /api/auth/me/ HTTP/1.1" 200 356
INFO 2025-07-16 19:58:38,987 basehttp 7729 6205190144 "GET /api/auth/me/ HTTP/1.1" 200 356
INFO 2025-07-16 20:00:37,159 basehttp 7729 6205190144 "GET /api/auth/me/ HTTP/1.1" 200 356
INFO 2025-07-16 20:00:37,184 basehttp 7729 6205190144 "GET /api/auth/me/ HTTP/1.1" 200 356
INFO 2025-07-16 20:02:10,825 basehttp 7729 6205190144 "GET /api/auth/me/ HTTP/1.1" 200 356
INFO 2025-07-16 20:02:10,832 basehttp 7729 6205190144 "GET /api/auth/me/ HTTP/1.1" 200 356
INFO 2025-07-16 20:02:38,360 basehttp 7729 6205190144 "GET /api/auth/me/ HTTP/1.1" 200 356
INFO 2025-07-16 20:02:38,377 basehttp 7729 6205190144 "GET /api/auth/me/ HTTP/1.1" 200 356
INFO 2025-07-16 20:02:38,599 basehttp 7729 6205190144 "GET /api/trips/ HTTP/1.1" 200 2878
INFO 2025-07-16 20:02:38,639 basehttp 7729 6205190144 "GET /api/trips/ HTTP/1.1" 200 2878
INFO 2025-07-16 20:17:34,749 basehttp 7729 6222016512 "OPTIONS /api/auth/me/ HTTP/1.1" 200 0
INFO 2025-07-16 20:17:34,750 basehttp 7729 6205190144 "OPTIONS /api/auth/me/ HTTP/1.1" 200 0
INFO 2025-07-16 20:17:34,786 basehttp 7729 6222016512 "GET /api/auth/me/ HTTP/1.1" 200 356
INFO 2025-07-16 20:17:34,793 basehttp 7729 6205190144 "GET /api/auth/me/ HTTP/1.1" 200 356
INFO 2025-07-16 20:17:35,380 basehttp 7729 6205190144 "GET /api/trips/ HTTP/1.1" 200 2878
INFO 2025-07-16 20:17:35,407 basehttp 7729 6222016512 "GET /api/trips/ HTTP/1.1" 200 2878
WARNING 2025-07-16 22:50:07,307 log 7729 6205190144 Unauthorized: /api/auth/me/
WARNING 2025-07-16 22:50:07,308 basehttp 7729 6205190144 "GET /api/auth/me/ HTTP/1.1" 401 172
WARNING 2025-07-16 22:50:07,312 log 7729 6205190144 Unauthorized: /api/auth/me/
WARNING 2025-07-16 22:50:07,313 basehttp 7729 6205190144 "GET /api/auth/me/ HTTP/1.1" 401 172
INFO 2025-07-22 11:11:05,043 autoreload 23651 8412700416 Watching for file changes with StatReloader
WARNING 2025-07-22 11:11:05,234 google_places 23651 8412700416 Google Maps API key not configured
INFO 2025-07-22 11:11:51,869 basehttp 23651 6166769664 "GET /admin/trips/trip/ HTTP/1.1" 302 0
INFO 2025-07-22 11:11:51,902 basehttp 23651 6166769664 "GET /admin/login/?next=/admin/trips/trip/ HTTP/1.1" 200 4192
WARNING 2025-07-22 11:11:52,076 log 23651 6166769664 Not Found: /favicon.ico
WARNING 2025-07-22 11:11:52,077 basehttp 23651 6166769664 "GET /favicon.ico HTTP/1.1" 404 3139
INFO 2025-07-22 11:11:59,070 basehttp 23651 6166769664 "OPTIONS /api/auth/login/ HTTP/1.1" 200 0
INFO 2025-07-22 11:11:59,428 basehttp 23651 6166769664 "POST /api/auth/login/ HTTP/1.1" 200 858
INFO 2025-07-22 11:11:59,508 basehttp 23651 6166769664 "OPTIONS /api/trips/ HTTP/1.1" 200 0
INFO 2025-07-22 11:11:59,508 basehttp 23651 6183596032 "OPTIONS /api/trips/ HTTP/1.1" 200 0
INFO 2025-07-22 11:11:59,529 basehttp 23651 6166769664 "GET /api/trips/ HTTP/1.1" 200 2878
INFO 2025-07-22 11:11:59,551 basehttp 23651 6183596032 "GET /api/trips/ HTTP/1.1" 200 2878
INFO 2025-07-22 11:12:07,448 basehttp 23651 6166769664 "POST /admin/login/?next=/admin/trips/trip/ HTTP/1.1" 302 0
INFO 2025-07-22 11:12:07,477 basehttp 23651 6166769664 "GET /admin/trips/trip/ HTTP/1.1" 200 21128
INFO 2025-07-22 11:12:07,509 basehttp 23651 6166769664 "GET /static/admin/css/base.css HTTP/1.1" 304 0
INFO 2025-07-22 11:12:07,510 basehttp 23651 6183596032 "GET /static/admin/css/dark_mode.css HTTP/1.1" 304 0
INFO 2025-07-22 11:12:07,511 basehttp 23651 6200422400 "GET /static/admin/js/theme.js HTTP/1.1" 304 0
INFO 2025-07-22 11:12:07,513 basehttp 23651 6166769664 "GET /static/admin/css/responsive.css HTTP/1.1" 304 0
INFO 2025-07-22 11:12:07,513 basehttp 23651 6217248768 "GET /static/admin/css/nav_sidebar.css HTTP/1.1" 304 0
INFO 2025-07-22 11:12:07,513 basehttp 23651 6183596032 "GET /static/admin/js/vendor/jquery/jquery.js HTTP/1.1" 304 0
INFO 2025-07-22 11:12:07,514 basehttp 23651 6234075136 "GET /static/admin/css/changelists.css HTTP/1.1" 304 0
INFO 2025-07-22 11:12:07,515 basehttp 23651 6200422400 "GET /static/admin/js/core.js HTTP/1.1" 304 0
INFO 2025-07-22 11:12:07,518 basehttp 23651 6234075136 "GET /static/admin/js/actions.js HTTP/1.1" 304 0
INFO 2025-07-22 11:12:07,519 basehttp 23651 6166769664 "GET /static/admin/js/jquery.init.js HTTP/1.1" 304 0
INFO 2025-07-22 11:12:07,520 basehttp 23651 6200422400 "GET /static/admin/js/urlify.js HTTP/1.1" 304 0
INFO 2025-07-22 11:12:07,521 basehttp 23651 6217248768 "GET /static/admin/js/admin/RelatedObjectLookups.js HTTP/1.1" 304 0
INFO 2025-07-22 11:12:07,521 basehttp 23651 6183596032 "GET /static/admin/js/prepopulate.js HTTP/1.1" 304 0
INFO 2025-07-22 11:12:07,523 basehttp 23651 6200422400 "GET /static/admin/img/search.svg HTTP/1.1" 304 0
INFO 2025-07-22 11:12:07,526 basehttp 23651 6217248768 "GET /static/admin/js/vendor/xregexp/xregexp.js HTTP/1.1" 304 0
INFO 2025-07-22 11:12:07,528 basehttp 23651 6234075136 "GET /static/admin/img/icon-no.svg HTTP/1.1" 200 560
INFO 2025-07-22 11:12:07,531 basehttp 23651 6250901504 "GET /admin/jsi18n/ HTTP/1.1" 200 3342
INFO 2025-07-22 11:12:07,532 basehttp 23651 6234075136 "GET /static/admin/js/nav_sidebar.js HTTP/1.1" 304 0
INFO 2025-07-22 11:12:07,534 basehttp 23651 6234075136 "GET /static/admin/js/filters.js HTTP/1.1" 304 0
INFO 2025-07-22 11:12:07,546 basehttp 23651 6234075136 "GET /static/admin/img/icon-yes.svg HTTP/1.1" 304 0
INFO 2025-07-22 11:12:07,551 basehttp 23651 6234075136 "GET /static/admin/img/icon-addlink.svg HTTP/1.1" 304 0
INFO 2025-07-22 11:12:07,553 basehttp 23651 6234075136 "GET /static/admin/img/tooltag-add.svg HTTP/1.1" 304 0
INFO 2025-07-22 11:12:07,553 basehttp 23651 6250901504 "GET /static/admin/img/icon-viewlink.svg HTTP/1.1" 304 0
INFO 2025-07-22 11:21:15,939 basehttp 23651 6166769664 "OPTIONS /api/auth/me/ HTTP/1.1" 200 0
INFO 2025-07-22 11:21:15,951 basehttp 23651 6183596032 "OPTIONS /api/auth/me/ HTTP/1.1" 200 0
INFO 2025-07-22 11:21:15,963 basehttp 23651 6166769664 "GET /api/auth/me/ HTTP/1.1" 200 356
INFO 2025-07-22 11:21:15,968 basehttp 23651 6183596032 "GET /api/auth/me/ HTTP/1.1" 200 356
INFO 2025-07-22 11:21:16,094 basehttp 23651 6183596032 "GET /api/trips/ HTTP/1.1" 200 2878
INFO 2025-07-22 11:21:16,108 basehttp 23651 6166769664 "GET /api/trips/ HTTP/1.1" 200 2878
INFO 2025-07-22 11:22:56,581 basehttp 23651 6166769664 "GET /api/auth/me/ HTTP/1.1" 200 356
INFO 2025-07-22 11:22:56,590 basehttp 23651 6166769664 "GET /api/auth/me/ HTTP/1.1" 200 356
INFO 2025-07-22 11:22:56,699 basehttp 23651 6166769664 "GET /api/trips/ HTTP/1.1" 200 2878
INFO 2025-07-22 11:22:56,717 basehttp 23651 6183596032 "GET /api/trips/ HTTP/1.1" 200 2878
INFO 2025-07-22 11:23:39,603 basehttp 23651 6166769664 "GET /api/trips/ HTTP/1.1" 200 2878
INFO 2025-07-22 11:23:39,619 basehttp 23651 6166769664 "GET /api/trips/ HTTP/1.1" 200 2878
INFO 2025-07-22 11:28:16,020 basehttp 23651 6166769664 "GET /api/auth/me/ HTTP/1.1" 200 356
INFO 2025-07-22 11:28:16,030 basehttp 23651 6166769664 "GET /api/auth/me/ HTTP/1.1" 200 356
INFO 2025-07-22 11:28:16,205 basehttp 23651 6166769664 "GET /api/trips/ HTTP/1.1" 200 2878
INFO 2025-07-22 11:28:16,222 basehttp 23651 6183596032 "GET /api/trips/ HTTP/1.1" 200 2878
INFO 2025-07-22 11:30:26,688 basehttp 23651 6166769664 "GET /api/auth/me/ HTTP/1.1" 200 356
INFO 2025-07-22 11:30:26,694 basehttp 23651 6166769664 "GET /api/auth/me/ HTTP/1.1" 200 356
INFO 2025-07-22 11:30:26,819 basehttp 23651 6166769664 "GET /api/trips/ HTTP/1.1" 200 2878
INFO 2025-07-22 11:30:26,845 basehttp 23651 6183596032 "GET /api/trips/ HTTP/1.1" 200 2878
INFO 2025-07-22 11:34:26,405 basehttp 23651 6166769664 "GET /api/auth/me/ HTTP/1.1" 200 356
INFO 2025-07-22 11:34:26,410 basehttp 23651 6166769664 "GET /api/auth/me/ HTTP/1.1" 200 356
INFO 2025-07-22 11:34:26,530 basehttp 23651 6166769664 "GET /api/trips/ HTTP/1.1" 200 2878
INFO 2025-07-22 11:34:26,554 basehttp 23651 6183596032 "GET /api/trips/ HTTP/1.1" 200 2878
INFO 2025-07-22 11:35:56,476 basehttp 23651 6166769664 "GET /api/auth/me/ HTTP/1.1" 200 356
INFO 2025-07-22 11:35:56,508 basehttp 23651 6166769664 "GET /api/auth/me/ HTTP/1.1" 200 356
INFO 2025-07-22 11:35:56,636 basehttp 23651 6166769664 "GET /api/trips/ HTTP/1.1" 200 2878
INFO 2025-07-22 11:35:56,671 basehttp 23651 6183596032 "GET /api/trips/ HTTP/1.1" 200 2878
INFO 2025-07-22 11:36:15,148 basehttp 23651 6166769664 "GET /api/auth/me/ HTTP/1.1" 200 356
INFO 2025-07-22 11:36:15,171 basehttp 23651 6166769664 "GET /api/auth/me/ HTTP/1.1" 200 356
INFO 2025-07-22 11:36:15,281 basehttp 23651 6166769664 "GET /api/trips/ HTTP/1.1" 200 2878
INFO 2025-07-22 11:36:15,366 basehttp 23651 6183596032 "GET /api/trips/ HTTP/1.1" 200 2878
INFO 2025-07-22 11:37:13,646 basehttp 23651 6166769664 "GET /api/auth/me/ HTTP/1.1" 200 356
INFO 2025-07-22 11:37:13,650 basehttp 23651 6166769664 "GET /api/auth/me/ HTTP/1.1" 200 356
INFO 2025-07-22 11:37:13,814 basehttp 23651 6166769664 "GET /api/trips/ HTTP/1.1" 200 2878
INFO 2025-07-22 11:37:13,837 basehttp 23651 6166769664 "GET /api/trips/ HTTP/1.1" 200 2878
INFO 2025-07-22 11:37:55,229 basehttp 23651 6166769664 "POST /api/trips/ HTTP/1.1" 201 196
INFO 2025-07-22 11:38:05,528 basehttp 23651 6166769664 "GET /api/auth/me/ HTTP/1.1" 200 356
INFO 2025-07-22 11:38:05,533 basehttp 23651 6166769664 "GET /api/auth/me/ HTTP/1.1" 200 356
INFO 2025-07-22 11:38:05,647 basehttp 23651 6166769664 "GET /api/trips/ HTTP/1.1" 200 3239
INFO 2025-07-22 11:38:05,658 basehttp 23651 6183596032 "GET /api/trips/ HTTP/1.1" 200 3239
INFO 2025-07-22 11:40:24,991 basehttp 23651 6166769664 "GET /api/auth/me/ HTTP/1.1" 200 356
INFO 2025-07-22 11:40:24,997 basehttp 23651 6166769664 "GET /api/auth/me/ HTTP/1.1" 200 356
INFO 2025-07-22 11:40:25,165 basehttp 23651 6166769664 "GET /api/trips/ HTTP/1.1" 200 3239
INFO 2025-07-22 11:40:25,188 basehttp 23651 6183596032 "GET /api/trips/ HTTP/1.1" 200 3239
INFO 2025-07-22 11:43:08,091 basehttp 23651 6166769664 "GET /api/auth/me/ HTTP/1.1" 200 356
INFO 2025-07-22 11:43:08,099 basehttp 23651 6183596032 "GET /api/auth/me/ HTTP/1.1" 200 356
INFO 2025-07-22 11:43:08,253 basehttp 23651 6183596032 "GET /api/trips/ HTTP/1.1" 200 3239
INFO 2025-07-22 11:43:08,288 basehttp 23651 6166769664 "GET /api/trips/ HTTP/1.1" 200 3239
